mobile/app/build/intermediates/manifest_merge_blame_file/debug/manifest-merger-blame-debug-report.txt
1<?xml version="1.0" encoding="utf-8"?>
2<manifest xmlns:android="http://schemas.android.com/apk/res/android"
3    package="com.aratech.lecturemonitor"
4    android:versionCode="1"
5    android:versionName="1.0" >
6
7    <uses-sdk
8        android:minSdkVersion="22"
8-->src\main\AndroidManifest.xml
9        android:targetSdkVersion="29" />
9-->src\main\AndroidManifest.xml
10
11    <uses-permission android:name="android.permission.INTERNET" />
11-->src\main\AndroidManifest.xml:5:5-67
11-->src\main\AndroidManifest.xml:5:22-64
12    <uses-permission android:name="android.permission.READ_EXTERNAL_STORAGE" />
12-->src\main\AndroidManifest.xml:6:5-80
12-->src\main\AndroidManifest.xml:6:22-77
13    <uses-permission android:name="android.permission.WRITE_EXTERNAL_STORAGE" />
13-->src\main\AndroidManifest.xml:7:5-81
13-->src\main\AndroidManifest.xml:7:22-78
14    <uses-permission android:name="android.permission.VIBRATE" />
14-->[com.wdullaer:materialdatetimepicker:3.2.0] AndroidManifest.xml:26:5-66
14-->[com.wdullaer:materialdatetimepicker:3.2.0] AndroidManifest.xml:26:22-63
15
16    <application
16-->src\main\AndroidManifest.xml:9:5-42:19
17        android:name="com.aratech.lecturemonitor.MyApp"
17-->src\main\AndroidManifest.xml:10:9-30
18        android:allowBackup="true"
18-->src\main\AndroidManifest.xml:11:9-35
19        android:appComponentFactory="androidx.core.app.CoreComponentFactory"
19-->[androidx.core:core:1.1.0] AndroidManifest.xml:24:18-86
20        android:debuggable="true"
21        android:icon="@mipmap/ic_launcher"
21-->src\main\AndroidManifest.xml:12:9-43
22        android:label="@string/app_name"
22-->src\main\AndroidManifest.xml:13:9-41
23        android:roundIcon="@mipmap/ic_launcher_round"
23-->src\main\AndroidManifest.xml:14:9-54
24        android:supportsRtl="true"
24-->src\main\AndroidManifest.xml:15:9-35
25        android:testOnly="true"
26        android:theme="@style/AppTheme" >
26-->src\main\AndroidManifest.xml:16:9-40
27        <activity
27-->src\main\AndroidManifest.xml:17:9-19:51
28            android:name="com.aratech.lecturemonitor.ui.activities.students.StudentSignupActivity"
28-->src\main\AndroidManifest.xml:18:13-73
29            android:screenOrientation="portrait" />
29-->src\main\AndroidManifest.xml:19:13-49
30        <activity
30-->src\main\AndroidManifest.xml:20:9-22:51
31            android:name="com.aratech.lecturemonitor.ui.activities.students.StudentLoginActivity"
31-->src\main\AndroidManifest.xml:21:13-72
32            android:screenOrientation="portrait" />
32-->src\main\AndroidManifest.xml:22:13-49
33        <activity
33-->src\main\AndroidManifest.xml:23:9-25:51
34            android:name="com.aratech.lecturemonitor.ui.activities.lecturers.LecturerSignupActivity"
34-->src\main\AndroidManifest.xml:24:13-75
35            android:screenOrientation="portrait" />
35-->src\main\AndroidManifest.xml:25:13-49
36        <activity
36-->src\main\AndroidManifest.xml:26:9-28:51
37            android:name="com.aratech.lecturemonitor.ui.activities.lecturers.LecturerLoginActivity"
37-->src\main\AndroidManifest.xml:27:13-74
38            android:screenOrientation="portrait" />
38-->src\main\AndroidManifest.xml:28:13-49
39        <activity
39-->src\main\AndroidManifest.xml:29:9-31:51
40            android:name="com.aratech.lecturemonitor.ui.activities.IntroActivity"
40-->src\main\AndroidManifest.xml:30:13-56
41            android:screenOrientation="portrait" />
41-->src\main\AndroidManifest.xml:31:13-49
42        <activity
42-->src\main\AndroidManifest.xml:32:9-41:20
43            android:name="com.aratech.lecturemonitor.ui.activities.MainActivity"
43-->src\main\AndroidManifest.xml:33:13-55
44            android:screenOrientation="portrait" >
44-->src\main\AndroidManifest.xml:34:13-49
45            <intent-filter>
45-->src\main\AndroidManifest.xml:35:13-40:29
46                <action android:name="android.intent.action.MAIN" />
46-->src\main\AndroidManifest.xml:36:17-69
46-->src\main\AndroidManifest.xml:36:25-66
47                <action android:name="android.intent.action.VIEW" />
47-->src\main\AndroidManifest.xml:37:17-69
47-->src\main\AndroidManifest.xml:37:25-66
48
49                <category android:name="android.intent.category.LAUNCHER" />
49-->src\main\AndroidManifest.xml:39:17-77
49-->src\main\AndroidManifest.xml:39:27-74
50            </intent-filter>
51        </activity>
52    </application>
53
54</manifest>